#
# There is insufficient memory for the Java Runtime Environment to continue.
# Native memory allocation (malloc) failed to allocate 1048576 bytes for AllocateHeap
# Possible reasons:
#   The system is out of physical RAM or swap space
#   The process is running with CompressedOops enabled, and the Java Heap may be blocking the growth of the native heap
# Possible solutions:
#   Reduce memory load on the system
#   Increase physical memory or swap space
#   Check if swap backing store is full
#   Decrease Java heap size (-Xmx/-Xms)
#   Decrease number of Java threads
#   Decrease Java thread stack sizes (-Xss)
#   Set larger code cache with -XX:ReservedCodeCacheSize=
#   JVM is running with Unscaled Compressed Oops mode in which the Java heap is
#     placed in the first 4GB address space. The Java Heap base address is the
#     maximum limit for the native heap growth. Please use -XX:HeapBaseMinAddress
#     to set the Java Heap base and to place the Java Heap above 4GB virtual address.
# This output file may be truncated or incomplete.
#
#  Out of Memory Error (allocation.cpp:44), pid=16116, tid=14356
#
# JRE version:  (21.0.4+8) (build )
# Java VM: Java HotSpot(TM) 64-Bit Server VM (21.0.4+8-LTS-274, mixed mode, sharing, tiered, compressed oops, compressed class ptrs, g1 gc, windows-amd64)
# No core dump will be written. Minidumps are not enabled by default on client versions of Windows
#

---------------  S U M M A R Y ------------

Command Line: -javaagent:C:\Program Files\JetBrains\IntelliJ IDEA Community Edition 2023.3.4\lib\idea_rt.jar=14151:C:\Program Files\JetBrains\IntelliJ IDEA Community Edition 2023.3.4\bin -Dfile.encoding=UTF-8 -Dsun.stdout.encoding=UTF-8 -Dsun.stderr.encoding=UTF-8 Biblioteca

Host: Intel(R) Core(TM) i5-8265U CPU @ 1.60GHz, 8 cores, 7G,  Windows 10 , 64 bit Build 19041 (10.0.19041.4597)
Time: Wed Oct 30 20:37:41 2024 Central Standard Time (Mexico) elapsed time: 0.031100 seconds (0d 0h 0m 0s)

---------------  T H R E A D  ---------------

Current thread (0x00000282c99b5bf0):  JavaThread "Unknown thread" [_thread_in_vm, id=14356, stack(0x000000d9a8300000,0x000000d9a8400000) (1024K)]

Stack: [0x000000d9a8300000,0x000000d9a8400000]
Native frames: (J=compiled Java code, j=interpreted, Vv=VM code, C=native code)
V  [jvm.dll+0x6c8e59]
V  [jvm.dll+0x853181]
V  [jvm.dll+0x8556ae]
V  [jvm.dll+0x855d83]
V  [jvm.dll+0x27d526]
V  [jvm.dll+0xbf657]
V  [jvm.dll+0x32f3d5]
V  [jvm.dll+0x327921]
V  [jvm.dll+0x81c569]
V  [jvm.dll+0x3b9a11]
V  [jvm.dll+0x805948]
V  [jvm.dll+0x44ec5e]
V  [jvm.dll+0x450851]
C  [jli.dll+0x52a3]
C  [ucrtbase.dll+0x21bb2]
C  [KERNEL32.DLL+0x17374]
C  [ntdll.dll+0x4cc91]


---------------  P R O C E S S  ---------------

Threads class SMR info:
_java_thread_list=0x00007ff8f95b6c08, length=0, elements={
}

Java Threads: ( => current thread )
Total: 0

Other Threads:
  0x00000282c9a09f90 WorkerThread "GC Thread#0"                     [id=16620, stack(0x000000d9a8400000,0x000000d9a8500000) (1024K)]

[error occurred during error reporting (printing all threads), id 0xc0000005, EXCEPTION_ACCESS_VIOLATION (0xc0000005) at pc=0x00007ff8f8d23e90]
VM state: not at safepoint (not fully initialized)

VM Mutex/Monitor currently owned by a thread:  ([mutex/lock_event])
[0x00007ff8f9627f98] Heap_lock - owner thread: 0x00000282c99b5bf0

Heap address: 0x0000000082600000, size: 2010 MB, Compressed Oops mode: 32-bit

CDS archive(s) mapped at: [0x0000000000000000-0x0000000000000000-0x0000000000000000), size 0, SharedBaseAddress: 0x0000000800000000, ArchiveRelocationMode: 1.
Narrow klass base: 0x0000000000000000, Narrow klass shift: 0, Narrow klass range: 0x0

GC Precious Log:
 CardTable entry size: 512
 Card Set container configuration: InlinePtr #cards 5 size 8 Array Of Cards #cards 12 size 40 Howl #buckets 4 coarsen threshold 1843 Howl Bitmap #cards 512 size 80 coarsen threshold 460 Card regions per heap region 1 cards per card region 2048

Heap:
 garbage-first heap   total 0K, used 0K [0x0000000082600000, 0x0000000100000000)
  region size 1024K, 0 young (0K), 0 survivors (0K)

[error occurred during error reporting (printing heap information), id 0xc0000005, EXCEPTION_ACCESS_VIOLATION (0xc0000005) at pc=0x00007ff8f9111df9]
GC Heap History (0 events):
No events

Dll operation events (1 events):
Event: 0.020 Loaded shared library C:\Users\yarit\Downloads\jdk-21_windows-x64_bin\jdk-21.0.4\bin\java.dll

Deoptimization events (0 events):
No events

Classes loaded (0 events):
No events

Classes unloaded (0 events):
No events

Classes redefined (0 events):
No events

Internal exceptions (0 events):
No events

ZGC Phase Switch (0 events):
No events

VM Operations (0 events):
No events

Events (0 events):
No events


Dynamic libraries:
0x00007ff7e8b90000 - 0x00007ff7e8ba0000 	C:\Users\yarit\Downloads\jdk-21_windows-x64_bin\jdk-21.0.4\bin\java.exe
0x00007ff949810000 - 0x00007ff949a08000 	C:\WINDOWS\SYSTEM32\ntdll.dll
0x00007ff947ba0000 - 0x00007ff947c61000 	C:\WINDOWS\System32\KERNEL32.DLL
0x00007ff9474a0000 - 0x00007ff947796000 	C:\WINDOWS\System32\KERNELBASE.dll
0x00007ff946f80000 - 0x00007ff947080000 	C:\WINDOWS\System32\ucrtbase.dll
0x00007ff93eec0000 - 0x00007ff93eed9000 	C:\Users\yarit\Downloads\jdk-21_windows-x64_bin\jdk-21.0.4\bin\jli.dll
0x00007ff932c90000 - 0x00007ff932cab000 	C:\Users\yarit\Downloads\jdk-21_windows-x64_bin\jdk-21.0.4\bin\VCRUNTIME140.dll
0x00007ff948490000 - 0x00007ff948540000 	C:\WINDOWS\System32\ADVAPI32.dll
0x00007ff948940000 - 0x00007ff9489de000 	C:\WINDOWS\System32\msvcrt.dll
0x00007ff948540000 - 0x00007ff9485e0000 	C:\WINDOWS\System32\sechost.dll
0x00007ff948190000 - 0x00007ff9482b3000 	C:\WINDOWS\System32\RPCRT4.dll
0x00007ff9472c0000 - 0x00007ff9472e7000 	C:\WINDOWS\System32\bcrypt.dll
0x00007ff9495c0000 - 0x00007ff94975f000 	C:\WINDOWS\System32\USER32.dll
0x00007ff9471e0000 - 0x00007ff947202000 	C:\WINDOWS\System32\win32u.dll
0x00007ff927a10000 - 0x00007ff927caa000 	C:\WINDOWS\WinSxS\amd64_microsoft.windows.common-controls_6595b64144ccf1df_6.0.19041.4355_none_60b8b9eb71f62e16\COMCTL32.dll
0x00007ff948790000 - 0x00007ff9487bb000 	C:\WINDOWS\System32\GDI32.dll
0x00007ff9472f0000 - 0x00007ff947407000 	C:\WINDOWS\System32\gdi32full.dll
0x00007ff9477a0000 - 0x00007ff94783d000 	C:\WINDOWS\System32\msvcp_win.dll
0x00007ff941fd0000 - 0x00007ff941fda000 	C:\WINDOWS\SYSTEM32\VERSION.dll
0x00007ff949460000 - 0x00007ff94948f000 	C:\WINDOWS\System32\IMM32.DLL
0x00007ff93e2c0000 - 0x00007ff93e2cc000 	C:\Users\yarit\Downloads\jdk-21_windows-x64_bin\jdk-21.0.4\bin\vcruntime140_1.dll
0x00007ff90fe80000 - 0x00007ff90ff0e000 	C:\Users\yarit\Downloads\jdk-21_windows-x64_bin\jdk-21.0.4\bin\msvcp140.dll
0x00007ff8f89f0000 - 0x00007ff8f9703000 	C:\Users\yarit\Downloads\jdk-21_windows-x64_bin\jdk-21.0.4\bin\server\jvm.dll
0x00007ff9489e0000 - 0x00007ff948a4b000 	C:\WINDOWS\System32\WS2_32.dll
0x00007ff946440000 - 0x00007ff94648b000 	C:\WINDOWS\SYSTEM32\POWRPROF.dll
0x00007ff92e260000 - 0x00007ff92e287000 	C:\WINDOWS\SYSTEM32\WINMM.dll
0x00007ff9462b0000 - 0x00007ff9462c2000 	C:\WINDOWS\SYSTEM32\UMPDC.dll
0x00007ff9456d0000 - 0x00007ff9456e2000 	C:\WINDOWS\SYSTEM32\kernel.appcore.dll
0x00007ff93d3d0000 - 0x00007ff93d3da000 	C:\Users\yarit\Downloads\jdk-21_windows-x64_bin\jdk-21.0.4\bin\jimage.dll
0x00007ff944310000 - 0x00007ff9444f4000 	C:\WINDOWS\SYSTEM32\DBGHELP.DLL
0x00007ff93a870000 - 0x00007ff93a8a4000 	C:\WINDOWS\SYSTEM32\dbgcore.DLL
0x00007ff947410000 - 0x00007ff947492000 	C:\WINDOWS\System32\bcryptPrimitives.dll
0x00007ff9331f0000 - 0x00007ff9331ff000 	C:\Users\yarit\Downloads\jdk-21_windows-x64_bin\jdk-21.0.4\bin\instrument.dll
0x00007ff925c00000 - 0x00007ff925c1f000 	C:\Users\yarit\Downloads\jdk-21_windows-x64_bin\jdk-21.0.4\bin\java.dll

dbghelp: loaded successfully - version: 4.0.5 - missing functions: none
symbol engine: initialized successfully - sym options: 0x614 - pdb path: .;C:\Users\yarit\Downloads\jdk-21_windows-x64_bin\jdk-21.0.4\bin;C:\WINDOWS\SYSTEM32;C:\WINDOWS\WinSxS\amd64_microsoft.windows.common-controls_6595b64144ccf1df_6.0.19041.4355_none_60b8b9eb71f62e16;C:\Users\yarit\Downloads\jdk-21_windows-x64_bin\jdk-21.0.4\bin\server

VM Arguments:
jvm_args: -javaagent:C:\Program Files\JetBrains\IntelliJ IDEA Community Edition 2023.3.4\lib\idea_rt.jar=14151:C:\Program Files\JetBrains\IntelliJ IDEA Community Edition 2023.3.4\bin -Dfile.encoding=UTF-8 -Dsun.stdout.encoding=UTF-8 -Dsun.stderr.encoding=UTF-8 
java_command: Biblioteca
java_class_path (initial): C:\Users\yarit\IdeaProjects\Biblioteca.3\out\production\Biblioteca.3
Launcher Type: SUN_STANDARD

[Global flags]
     intx CICompilerCount                          = 4                                         {product} {ergonomic}
     uint ConcGCThreads                            = 2                                         {product} {ergonomic}
     uint G1ConcRefinementThreads                  = 8                                         {product} {ergonomic}
   size_t G1HeapRegionSize                         = 1048576                                   {product} {ergonomic}
    uintx GCDrainStackTargetSize                   = 64                                        {product} {ergonomic}
   size_t InitialHeapSize                          = 132120576                                 {product} {ergonomic}
   size_t MarkStackSize                            = 4194304                                   {product} {ergonomic}
   size_t MaxHeapSize                              = 2107637760                                {product} {ergonomic}
   size_t MinHeapDeltaBytes                        = 1048576                                   {product} {ergonomic}
   size_t MinHeapSize                              = 8388608                                   {product} {ergonomic}
    uintx NonNMethodCodeHeapSize                   = 5839372                                {pd product} {ergonomic}
    uintx NonProfiledCodeHeapSize                  = 122909434                              {pd product} {ergonomic}
    uintx ProfiledCodeHeapSize                     = 122909434                              {pd product} {ergonomic}
    uintx ReservedCodeCacheSize                    = 251658240                              {pd product} {ergonomic}
     bool SegmentedCodeCache                       = true                                      {product} {ergonomic}
   size_t SoftMaxHeapSize                          = 2107637760                             {manageable} {ergonomic}
     bool UseCompressedOops                        = true                           {product lp64_product} {ergonomic}
     bool UseG1GC                                  = true                                      {product} {ergonomic}
     bool UseLargePagesIndividualAllocation        = false                                  {pd product} {ergonomic}

Logging:
Log output configuration:
 #0: stdout all=warning uptime,level,tags foldmultilines=false
 #1: stderr all=off uptime,level,tags foldmultilines=false

Environment Variables:
PATH=C:\WINDOWS\system32;C:\WINDOWS;C:\WINDOWS\System32\Wbem;C:\WINDOWS\System32\WindowsPowerShell\v1.0\;C:\WINDOWS\System32\OpenSSH\;C:\Program Files\Intel\WiFi\bin\;C:\Program Files\Common Files\Intel\WirelessCommon\;C:\Program Files\Git\cmd;C:\Users\yarit\AppData\Local\Microsoft\WindowsApps;C:\ProgramData\yarit\gitkraken\bin;C:\Users\yarit\AppData\Local\GitHubDesktop\bin
USERNAME=yarit
OS=Windows_NT
PROCESSOR_IDENTIFIER=Intel64 Family 6 Model 142 Stepping 11, GenuineIntel
TMP=C:\Users\yarit\AppData\Local\Temp
TEMP=C:\Users\yarit\AppData\Local\Temp




Periodic native trim disabled

---------------  S Y S T E M  ---------------

OS:
 Windows 10 , 64 bit Build 19041 (10.0.19041.4597)
OS uptime: 19 days 4:38 hours

CPU: total 8 (initial active 8) (4 cores per cpu, 2 threads per core) family 6 model 142 stepping 11 microcode 0xde, cx8, cmov, fxsr, ht, mmx, 3dnowpref, sse, sse2, sse3, ssse3, sse4.1, sse4.2, popcnt, lzcnt, tsc, tscinvbit, avx, avx2, aes, erms, clmul, bmi1, bmi2, adx, fma, vzeroupper, clflush, clflushopt, rdtscp, f16c
Processor Information for all 8 processors :
  Max Mhz: 1800, Current Mhz: 1800, Mhz Limit: 1584

Memory: 4k page, system-wide physical 8037M (1215M free)
TotalPageFile size 11133M (AvailPageFile size 4M)
current process WorkingSet (physical memory assigned to process): 11M, peak: 11M
current process commit charge ("private bytes"): 55M, peak: 56M

vm_info: Java HotSpot(TM) 64-Bit Server VM (21.0.4+8-LTS-274) for windows-amd64 JRE (21.0.4+8-LTS-274), built on 2024-06-05T05:23:33Z by "mach5one" with MS VC++ 17.6 (VS2022)

END.
